Build started 2013/11/12 11:14:43.
     1>Project "D:\Courses\24780 C++\Se7en Nerds\Se7en Nerds 3.0\Se7en Nerds 3.0\Se7en Nerds 3.0.vcxproj" on node 2 (build target(s)).
     1>InitializeBuildStatus:
         Creating "Debug\Se7en Nerds 3.0.unsuccessfulbuild" because "AlwaysCreate" was specified.
       ClCompile:
         d:\SoftwareInstallation\VC\bin\CL.exe /c /ZI /nologo /W3 /WX- /Od /Oy- /D WIN32 /D _DEBUG /D _CONSOLE /D _UNICODE /D UNICODE /Gm /EHsc /RTC1 /MDd /GS /fp:precise /Zc:wchar_t /Zc:forScope /Fo"Debug\\" /Fd"Debug\vc100.pdb" /Gd /TP /analyze- /errorReport:prompt GameControl.cpp
         GameControl.cpp
         All outputs are up-to-date.
       ManifestResourceCompile:
         All outputs are up-to-date.
       Link:
         d:\SoftwareInstallation\VC\bin\link.exe /ERRORREPORT:PROMPT /OUT:"D:\Courses\24780 C++\Se7en Nerds\Se7en Nerds 3.0\Debug\Se7en Nerds 3.0.exe" /INCREMENTAL /NOLOGO kernel32.lib user32.lib gdi32.lib winspool.lib comdlg32.lib advapi32.lib shell32.lib ole32.lib oleaut32.lib uuid.lib odbc32.lib odbccp32.lib /MANIFEST /ManifestFile:"Debug\Se7en Nerds 3.0.exe.intermediate.manifest" /MANIFESTUAC:"level='asInvoker' uiAccess='false'" /DEBUG /PDB:"D:\Courses\24780 C++\Se7en Nerds\Se7en Nerds 3.0\Debug\Se7en Nerds 3.0.pdb" /SUBSYSTEM:CONSOLE /TLBID:1 /DYNAMICBASE /NXCOMPAT /IMPLIB:"D:\Courses\24780 C++\Se7en Nerds\Se7en Nerds 3.0\Debug\Se7en Nerds 3.0.lib" /MACHINE:X86 "Debug\Se7en Nerds 3.0.exe.embed.manifest.res"
         Debug\aStar.obj
         Debug\fswin32wrapper.obj
         Debug\GameControl.obj
         Debug\main.obj
         Debug\map.obj
         Debug\monster.obj
         Debug\towermissile.obj
         Debug\ysglfontdata.obj
         Debug\yspng.obj
       Manifest:
         C:\Program Files (x86)\Microsoft SDKs\Windows\v7.0A\bin\mt.exe /nologo /verbose /out:"Debug\Se7en Nerds 3.0.exe.embed.manifest" /manifest "Debug\Se7en Nerds 3.0.exe.intermediate.manifest"
         All outputs are up-to-date.
       LinkEmbedManifest:
         All outputs are up-to-date.
         Se7en Nerds 3.0.vcxproj -> D:\Courses\24780 C++\Se7en Nerds\Se7en Nerds 3.0\Debug\Se7en Nerds 3.0.exe
       FinalizeBuildStatus:
         Deleting file "Debug\Se7en Nerds 3.0.unsuccessfulbuild".
         Touching "Debug\Se7en Nerds 3.0.lastbuildstate".
     1>Done Building Project "D:\Courses\24780 C++\Se7en Nerds\Se7en Nerds 3.0\Se7en Nerds 3.0\Se7en Nerds 3.0.vcxproj" (build target(s)).

Build succeeded.

Time Elapsed 00:00:00.99
